<mule xmlns="http://www.mulesoft.org/schema/mule/core"
      xmlns:xsi="http://www.w3.org/2001/XMLSchema-instance"
      xmlns:mulechain-einstein1="http://www.mulesoft.org/schema/mule/mulechain-einstein1"
      xsi:schemaLocation="http://www.mulesoft.org/schema/mule/core http://www.mulesoft.org/schema/mule/core/current/mule.xsd
          http://www.mulesoft.org/schema/mule/mulechain-einstein1 http://www.mulesoft.org/schema/mule/mulechain-einstein1/current/mule-mulechain-einstein1.xsd">

    <mulechain-einstein1:config name="config" configId="configId">
        <mulechain-einstein1:connection requiredParameter="aValue" />
    </mulechain-einstein1:config>

    <flow name="sayHiFlow">
        <mulechain-einstein1:say-hi person="Mariano Gonzalez"/>
    </flow>

    <flow name="retrieveInfoFlow">
        <mulechain-einstein1:retrieve-info config-ref="config"/>
    </flow>

</mule>
